d:\baitap\nam1\ki1\nmlt\baitaptuan1411\bai3\x64\debug\vc143.pdb
d:\baitap\nam1\ki1\nmlt\baitaptuan1411\bai3\x64\debug\vc143.idb
d:\baitap\nam1\ki1\nmlt\baitaptuan1411\bai3\x64\debug\bai3.nativecodeanalysis.sarif
d:\baitap\nam1\ki1\nmlt\baitaptuan1411\bai3\x64\debug\bai3.nativecodeanalysis.xml
d:\baitap\nam1\ki1\nmlt\baitaptuan1411\bai3\x64\debug\daonguocso.nativecodeanalysis.sarif
d:\baitap\nam1\ki1\nmlt\baitaptuan1411\bai3\x64\debug\daonguocso.nativecodeanalysis.xml
d:\baitap\nam1\ki1\nmlt\baitaptuan1411\bai3\x64\debug\kiemtrasodoixung.nativecodeanalysis.sarif
d:\baitap\nam1\ki1\nmlt\baitaptuan1411\bai3\x64\debug\kiemtrasodoixung.nativecodeanalysis.xml
d:\baitap\nam1\ki1\nmlt\baitaptuan1411\bai3\x64\debug\kiemtrasodoixung.obj
d:\baitap\nam1\ki1\nmlt\baitaptuan1411\bai3\x64\debug\daonguocso.obj
d:\baitap\nam1\ki1\nmlt\baitaptuan1411\bai3\x64\debug\bai3.obj
d:\baitap\nam1\ki1\nmlt\baitaptuan1411\bai3\x64\debug\bai3.ilk
d:\baitap\nam1\ki1\nmlt\baitaptuan1411\x64\debug\bai3.exe
d:\baitap\nam1\ki1\nmlt\baitaptuan1411\x64\debug\bai3.pdb
d:\baitap\nam1\ki1\nmlt\baitaptuan1411\bai3\x64\debug\vc.nativecodeanalysis.all.xml
d:\baitap\nam1\ki1\nmlt\baitaptuan1411\bai3\x64\debug\bai3.tlog\cl.command.1.tlog
d:\baitap\nam1\ki1\nmlt\baitaptuan1411\bai3\x64\debug\bai3.tlog\cl.read.1.tlog
d:\baitap\nam1\ki1\nmlt\baitaptuan1411\bai3\x64\debug\bai3.tlog\cl.write.1.tlog
d:\baitap\nam1\ki1\nmlt\baitaptuan1411\bai3\x64\debug\bai3.tlog\link.command.1.tlog
d:\baitap\nam1\ki1\nmlt\baitaptuan1411\bai3\x64\debug\bai3.tlog\link.read.1.tlog
d:\baitap\nam1\ki1\nmlt\baitaptuan1411\bai3\x64\debug\bai3.tlog\link.write.1.tlog
