d:\baitap\nam1\ki1\nmlt\baitaptuan1411\bai6\x64\debug\vc143.pdb
d:\baitap\nam1\ki1\nmlt\baitaptuan1411\bai6\x64\debug\vc143.idb
d:\baitap\nam1\ki1\nmlt\baitaptuan1411\bai6\x64\debug\bai6.nativecodeanalysis.sarif
d:\baitap\nam1\ki1\nmlt\baitaptuan1411\bai6\x64\debug\bai6.nativecodeanalysis.xml
d:\baitap\nam1\ki1\nmlt\baitaptuan1411\bai6\x64\debug\kiemtra.nativecodeanalysis.sarif
d:\baitap\nam1\ki1\nmlt\baitaptuan1411\bai6\x64\debug\kiemtra.nativecodeanalysis.xml
d:\baitap\nam1\ki1\nmlt\baitaptuan1411\bai6\x64\debug\tinhtongsonguyento.nativecodeanalysis.sarif
d:\baitap\nam1\ki1\nmlt\baitaptuan1411\bai6\x64\debug\tinhtongsonguyento.nativecodeanalysis.xml
d:\baitap\nam1\ki1\nmlt\baitaptuan1411\bai6\x64\debug\tinhtongsonguyento.obj
d:\baitap\nam1\ki1\nmlt\baitaptuan1411\bai6\x64\debug\kiemtra.obj
d:\baitap\nam1\ki1\nmlt\baitaptuan1411\bai6\x64\debug\bai6.obj
d:\baitap\nam1\ki1\nmlt\baitaptuan1411\bai6\x64\debug\bai6.ilk
d:\baitap\nam1\ki1\nmlt\baitaptuan1411\x64\debug\bai6.exe
d:\baitap\nam1\ki1\nmlt\baitaptuan1411\x64\debug\bai6.pdb
d:\baitap\nam1\ki1\nmlt\baitaptuan1411\bai6\x64\debug\vc.nativecodeanalysis.all.xml
d:\baitap\nam1\ki1\nmlt\baitaptuan1411\bai6\x64\debug\bai6.tlog\cl.command.1.tlog
d:\baitap\nam1\ki1\nmlt\baitaptuan1411\bai6\x64\debug\bai6.tlog\cl.read.1.tlog
d:\baitap\nam1\ki1\nmlt\baitaptuan1411\bai6\x64\debug\bai6.tlog\cl.write.1.tlog
d:\baitap\nam1\ki1\nmlt\baitaptuan1411\bai6\x64\debug\bai6.tlog\link.command.1.tlog
d:\baitap\nam1\ki1\nmlt\baitaptuan1411\bai6\x64\debug\bai6.tlog\link.read.1.tlog
d:\baitap\nam1\ki1\nmlt\baitaptuan1411\bai6\x64\debug\bai6.tlog\link.write.1.tlog
