d:\baitap\nam1\ki1\nmlt\baitaptuan1411\bai11\x64\debug\vc143.pdb
d:\baitap\nam1\ki1\nmlt\baitaptuan1411\bai11\x64\debug\vc143.idb
d:\baitap\nam1\ki1\nmlt\baitaptuan1411\bai11\x64\debug\bai11.nativecodeanalysis.sarif
d:\baitap\nam1\ki1\nmlt\baitaptuan1411\bai11\x64\debug\bai11.nativecodeanalysis.xml
d:\baitap\nam1\ki1\nmlt\baitaptuan1411\bai11\x64\debug\kiemtra.nativecodeanalysis.sarif
d:\baitap\nam1\ki1\nmlt\baitaptuan1411\bai11\x64\debug\kiemtra.nativecodeanalysis.xml
d:\baitap\nam1\ki1\nmlt\baitaptuan1411\bai11\x64\debug\timso.nativecodeanalysis.sarif
d:\baitap\nam1\ki1\nmlt\baitaptuan1411\bai11\x64\debug\timso.nativecodeanalysis.xml
d:\baitap\nam1\ki1\nmlt\baitaptuan1411\bai11\x64\debug\tinhtong.nativecodeanalysis.sarif
d:\baitap\nam1\ki1\nmlt\baitaptuan1411\bai11\x64\debug\tinhtong.nativecodeanalysis.xml
d:\baitap\nam1\ki1\nmlt\baitaptuan1411\bai11\x64\debug\tinhtong.obj
d:\baitap\nam1\ki1\nmlt\baitaptuan1411\bai11\x64\debug\timso.obj
d:\baitap\nam1\ki1\nmlt\baitaptuan1411\bai11\x64\debug\kiemtra.obj
d:\baitap\nam1\ki1\nmlt\baitaptuan1411\bai11\x64\debug\bai11.obj
d:\baitap\nam1\ki1\nmlt\baitaptuan1411\bai11\x64\debug\bai11.ilk
d:\baitap\nam1\ki1\nmlt\baitaptuan1411\x64\debug\bai11.exe
d:\baitap\nam1\ki1\nmlt\baitaptuan1411\x64\debug\bai11.pdb
d:\baitap\nam1\ki1\nmlt\baitaptuan1411\bai11\x64\debug\vc.nativecodeanalysis.all.xml
d:\baitap\nam1\ki1\nmlt\baitaptuan1411\bai11\x64\debug\bai11.tlog\cl.command.1.tlog
d:\baitap\nam1\ki1\nmlt\baitaptuan1411\bai11\x64\debug\bai11.tlog\cl.read.1.tlog
d:\baitap\nam1\ki1\nmlt\baitaptuan1411\bai11\x64\debug\bai11.tlog\cl.write.1.tlog
d:\baitap\nam1\ki1\nmlt\baitaptuan1411\bai11\x64\debug\bai11.tlog\link.command.1.tlog
d:\baitap\nam1\ki1\nmlt\baitaptuan1411\bai11\x64\debug\bai11.tlog\link.read.1.tlog
d:\baitap\nam1\ki1\nmlt\baitaptuan1411\bai11\x64\debug\bai11.tlog\link.write.1.tlog
