d:\baitap\nam1\ki1\nmlt\baitaptuan1411\bai13\x64\debug\vc143.pdb
d:\baitap\nam1\ki1\nmlt\baitaptuan1411\bai13\x64\debug\vc143.idb
d:\baitap\nam1\ki1\nmlt\baitaptuan1411\bai13\x64\debug\bai13.nativecodeanalysis.sarif
d:\baitap\nam1\ki1\nmlt\baitaptuan1411\bai13\x64\debug\bai13.nativecodeanalysis.xml
d:\baitap\nam1\ki1\nmlt\baitaptuan1411\bai13\x64\debug\kiemtra.nativecodeanalysis.sarif
d:\baitap\nam1\ki1\nmlt\baitaptuan1411\bai13\x64\debug\kiemtra.nativecodeanalysis.xml
d:\baitap\nam1\ki1\nmlt\baitaptuan1411\bai13\x64\debug\timso.nativecodeanalysis.sarif
d:\baitap\nam1\ki1\nmlt\baitaptuan1411\bai13\x64\debug\timso.nativecodeanalysis.xml
d:\baitap\nam1\ki1\nmlt\baitaptuan1411\bai13\x64\debug\tinhtich.nativecodeanalysis.sarif
d:\baitap\nam1\ki1\nmlt\baitaptuan1411\bai13\x64\debug\tinhtich.nativecodeanalysis.xml
d:\baitap\nam1\ki1\nmlt\baitaptuan1411\bai13\x64\debug\tinhtong.nativecodeanalysis.sarif
d:\baitap\nam1\ki1\nmlt\baitaptuan1411\bai13\x64\debug\tinhtong.nativecodeanalysis.xml
d:\baitap\nam1\ki1\nmlt\baitaptuan1411\bai13\x64\debug\tinhtong.obj
d:\baitap\nam1\ki1\nmlt\baitaptuan1411\bai13\x64\debug\tinhtich.obj
d:\baitap\nam1\ki1\nmlt\baitaptuan1411\bai13\x64\debug\timso.obj
d:\baitap\nam1\ki1\nmlt\baitaptuan1411\bai13\x64\debug\kiemtra.obj
d:\baitap\nam1\ki1\nmlt\baitaptuan1411\bai13\x64\debug\bai13.obj
d:\baitap\nam1\ki1\nmlt\baitaptuan1411\bai13\x64\debug\bai13.ilk
d:\baitap\nam1\ki1\nmlt\baitaptuan1411\x64\debug\bai13.exe
d:\baitap\nam1\ki1\nmlt\baitaptuan1411\x64\debug\bai13.pdb
d:\baitap\nam1\ki1\nmlt\baitaptuan1411\bai13\x64\debug\vc.nativecodeanalysis.all.xml
d:\baitap\nam1\ki1\nmlt\baitaptuan1411\bai13\x64\debug\bai13.tlog\cl.command.1.tlog
d:\baitap\nam1\ki1\nmlt\baitaptuan1411\bai13\x64\debug\bai13.tlog\cl.read.1.tlog
d:\baitap\nam1\ki1\nmlt\baitaptuan1411\bai13\x64\debug\bai13.tlog\cl.write.1.tlog
d:\baitap\nam1\ki1\nmlt\baitaptuan1411\bai13\x64\debug\bai13.tlog\link.command.1.tlog
d:\baitap\nam1\ki1\nmlt\baitaptuan1411\bai13\x64\debug\bai13.tlog\link.read.1.tlog
d:\baitap\nam1\ki1\nmlt\baitaptuan1411\bai13\x64\debug\bai13.tlog\link.write.1.tlog
